{
  "RSpec": {
    "coverage": {
      "/rails/app/helpers/application_helper.rb": {
        "lines": [
          1,
          null,
          1,
          1,
          1,
          null,
          1,
          128,
          null,
          null,
          null,
          128,
          null,
          128,
          null,
          68,
          null,
          null,
          56,
          null,
          null,
          4,
          null,
          null,
          null,
          null,
          128,
          null,
          null,
          128,
          null,
          null,
          null,
          null,
          128,
          null,
          null
        ],
        "branches": {
          "[:unless, 0, 12, 4, 12, 82]": {
            "[:else, 1, 12, 4, 12, 82]": 125,
            "[:then, 2, 12, 4, 12, 22]": 3
          },
          "[:case, 3, 14, 22, 24, 25]": {
            "[:when, 4, 16, 24, 16, 77]": 68,
            "[:when, 5, 19, 24, 19, 79]": 56,
            "[:when, 6, 22, 24, 22, 69]": 4,
            "[:else, 7, 14, 22, 24, 25]": 0
          },
          "[:unless, 8, 27, 4, 27, 53]": {
            "[:else, 9, 27, 4, 27, 53]": 125,
            "[:then, 10, 27, 4, 27, 16]": 3
          }
        }
      },
      "/rails/app/helpers/athletes_helper.rb": {
        "lines": [
          1,
          null
        ],
        "branches": {}
      },
      "/rails/app/helpers/dashboard_helper.rb": {
        "lines": [
          1,
          1,
          84,
          null,
          47,
          null,
          null,
          1,
          13,
          13,
          null,
          null
        ],
        "branches": {
          "[:if, 0, 3, 4, 3, 27]": {
            "[:then, 1, 3, 4, 3, 12]": 37,
            "[:else, 2, 3, 4, 3, 27]": 47
          },
          "[:if, 3, 9, 18, 9, 62]": {
            "[:then, 4, 9, 31, 9, 45]": 9,
            "[:else, 5, 9, 48, 9, 62]": 4
          }
        }
      },
      "/rails/app/helpers/expenses_helper.rb": {
        "lines": [
          1,
          null
        ],
        "branches": {}
      },
      "/rails/app/helpers/icon_helper.rb": {
        "lines": [
          1,
          null,
          null,
          1,
          null,
          null,
          null,
          null,
          null,
          null,
          null,
          null,
          null,
          1,
          null,
          null,
          null,
          null,
          null,
          null,
          null,
          null,
          null,
          null,
          null,
          null,
          null,
          null,
          null,
          null,
          null,
          null,
          1,
          null,
          563,
          null,
          null,
          563,
          null,
          null,
          563,
          null,
          null,
          563,
          null,
          null,
          null,
          563,
          null,
          563,
          563,
          null,
          null,
          563,
          null,
          null
        ],
        "branches": {
          "[:if, 0, 44, 13, 44, 63]": {
            "[:then, 1, 44, 32, 44, 49]": 0,
            "[:else, 2, 44, 52, 44, 63]": 563
          },
          "[:if, 3, 50, 4, 50, 59]": {
            "[:then, 4, 50, 4, 50, 36]": 0,
            "[:else, 5, 50, 4, 50, 59]": 563
          },
          "[:if, 6, 51, 4, 51, 43]": {
            "[:then, 7, 51, 4, 51, 33]": 563,
            "[:else, 8, 51, 4, 51, 43]": 0
          }
        }
      },
      "/rails/app/helpers/incomes_helper.rb": {
        "lines": [
          1,
          null
        ],
        "branches": {}
      },
      "/rails/app/helpers/matches_helper.rb": {
        "lines": [
          1,
          null
        ],
        "branches": {}
      },
      "/rails/app/helpers/payments_helper.rb": {
        "lines": [
          1,
          null
        ],
        "branches": {}
      },
      "/rails/app/controllers/api/v1/athletes_controller.rb": {
        "lines": [
          1,
          1,
          1,
          1,
          null,
          1,
          3,
          3,
          null,
          null,
          1,
          2,
          null,
          null,
          1,
          4,
          0,
          0,
          null,
          0,
          null,
          null,
          null,
          1,
          2,
          0,
          null,
          0,
          null,
          null,
          null,
          1,
          2,
          2,
          null,
          null,
          1,
          null,
          1,
          7,
          null,
          null,
          1,
          6,
          null,
          null,
          null,
          null
        ],
        "branches": {
          "[:if, 0, 17, 8, 21, 11]": {
            "[:then, 1, 18, 10, 18, 50]": 0,
            "[:else, 2, 20, 10, 20, 71]": 0
          },
          "[:if, 3, 25, 8, 29, 11]": {
            "[:then, 4, 26, 10, 26, 32]": 0,
            "[:else, 5, 28, 10, 28, 71]": 0
          }
        }
      },
      "/rails/app/controllers/api/v1/base_controller.rb": {
        "lines": [
          1,
          1,
          1,
          1,
          null,
          1,
          null,
          1,
          null,
          1,
          23,
          null,
          null,
          null,
          null
        ],
        "branches": {}
      },
      "/rails/app/controllers/application_controller.rb": {
        "lines": [
          1,
          null,
          1,
          null
        ],
        "branches": {}
      },
      "/rails/app/controllers/concerns/identity_authentication.rb": {
        "lines": [
          1,
          1,
          null,
          1,
          4,
          null,
          null,
          1,
          null,
          1,
          31,
          31,
          null,
          20,
          null,
          20,
          17,
          null,
          3,
          null,
          null,
          null,
          1,
          36,
          36,
          null,
          25,
          25,
          null,
          null,
          1,
          14,
          null,
          null,
          null,
          null,
          null,
          null,
          1,
          1,
          null,
          null,
          1,
          5,
          null,
          null
        ],
        "branches": {
          "[:unless, 0, 12, 4, 12, 43]": {
            "[:else, 1, 12, 4, 12, 43]": 20,
            "[:then, 2, 12, 4, 12, 30]": 11
          },
          "[:if, 3, 16, 4, 20, 7]": {
            "[:then, 4, 17, 6, 17, 35]": 17,
            "[:else, 5, 19, 6, 19, 25]": 3
          },
          "[:unless, 6, 25, 4, 25, 33]": {
            "[:else, 7, 25, 4, 25, 33]": 25,
            "[:then, 8, 25, 4, 25, 14]": 11
          },
          "[:if, 9, 28, 4, 28, 57]": {
            "[:then, 10, 28, 4, 28, 12]": 21,
            "[:else, 11, 28, 4, 28, 57]": 4
          }
        }
      },
      "/rails/app/controllers/athletes_controller.rb": {
        "lines": [
          1,
          1,
          null,
          1,
          1,
          null,
          null,
          1,
          null,
          1,
          1,
          null,
          null,
          1,
          null,
          1,
          5,
          null,
          5,
          5,
          5,
          4,
          null,
          3,
          3,
          null,
          null,
          null,
          null,
          1,
          5,
          5,
          5,
          4,
          null,
          3,
          3,
          null,
          null,
          null,
          null,
          1,
          3,
          null,
          3,
          5,
          4,
          null,
          null,
          null,
          1,
          null,
          1,
          10,
          null,
          null,
          1,
          10,
          null,
          null
        ],
        "branches": {
          "[:if, 0, 20, 6, 26, 9]": {
            "[:then, 1, 21, 8, 22, 75]": 3,
            "[:else, 2, 24, 8, 25, 85]": 2
          },
          "[:if, 3, 32, 6, 38, 9]": {
            "[:then, 4, 33, 8, 34, 70]": 3,
            "[:else, 5, 36, 8, 37, 85]": 2
          }
        }
      },
      "/rails/app/controllers/dashboard_controller.rb": {
        "lines": [
          1,
          null,
          1,
          1,
          1,
          null,
          1,
          18,
          18,
          18,
          18,
          18,
          18,
          null,
          null,
          1,
          18,
          18,
          18,
          null,
          18,
          18,
          null,
          null,
          18,
          18,
          null,
          null,
          1,
          8,
          8,
          null,
          8,
          null,
          8,
          null,
          null,
          null,
          null,
          null,
          null,
          null,
          null,
          null,
          null,
          null,
          null,
          null,
          1,
          null,
          1,
          18,
          null,
          null,
          1,
          18,
          null,
          null,
          1,
          18,
          18,
          18,
          18,
          18,
          null,
          null,
          1,
          18,
          18,
          18,
          18,
          null,
          null,
          1,
          18,
          null,
          null,
          18,
          null,
          null
        ],
        "branches": {}
      },
      "/rails/app/controllers/expenses_controller.rb": {
        "lines": [
          1,
          1,
          null,
          1,
          1,
          null,
          null,
          1,
          null,
          1,
          1,
          null,
          null,
          1,
          null,
          1,
          5,
          null,
          5,
          5,
          5,
          4,
          null,
          3,
          3,
          null,
          null,
          null,
          null,
          1,
          5,
          5,
          5,
          4,
          null,
          3,
          3,
          null,
          null,
          null,
          null,
          1,
          3,
          null,
          3,
          5,
          4,
          null,
          null,
          null,
          1,
          null,
          1,
          10,
          null,
          null,
          1,
          10,
          null,
          null
        ],
        "branches": {
          "[:if, 0, 20, 6, 26, 9]": {
            "[:then, 1, 21, 8, 22, 75]": 3,
            "[:else, 2, 24, 8, 25, 85]": 2
          },
          "[:if, 3, 32, 6, 38, 9]": {
            "[:then, 4, 33, 8, 34, 70]": 3,
            "[:else, 5, 36, 8, 37, 85]": 2
          }
        }
      },
      "/rails/app/controllers/health_controller.rb": {
        "lines": [
          1,
          1,
          7,
          null,
          null,
          null,
          null,
          null,
          null,
          null,
          1,
          null,
          10,
          null,
          6,
          null,
          null,
          null,
          null,
          null,
          4,
          null,
          null,
          null,
          null,
          null,
          null
        ],
        "branches": {}
      },
      "/rails/app/controllers/incomes_controller.rb": {
        "lines": [
          1,
          1,
          null,
          1,
          1,
          null,
          null,
          1,
          null,
          1,
          1,
          null,
          null,
          1,
          null,
          1,
          5,
          null,
          5,
          5,
          5,
          4,
          null,
          3,
          3,
          null,
          null,
          null,
          null,
          1,
          5,
          5,
          5,
          4,
          null,
          3,
          3,
          null,
          null,
          null,
          null,
          1,
          3,
          null,
          3,
          5,
          4,
          null,
          null,
          null,
          1,
          null,
          1,
          10,
          null,
          null,
          1,
          10,
          null,
          null
        ],
        "branches": {
          "[:if, 0, 20, 6, 26, 9]": {
            "[:then, 1, 21, 8, 22, 74]": 3,
            "[:else, 2, 24, 8, 25, 84]": 2
          },
          "[:if, 3, 32, 6, 38, 9]": {
            "[:then, 4, 33, 8, 34, 69]": 3,
            "[:else, 5, 36, 8, 37, 84]": 2
          }
        }
      },
      "/rails/app/controllers/matches_controller.rb": {
        "lines": [
          1,
          1,
          null,
          1,
          1,
          null,
          null,
          1,
          null,
          1,
          1,
          null,
          null,
          1,
          null,
          1,
          5,
          null,
          5,
          5,
          5,
          4,
          null,
          3,
          3,
          null,
          null,
          null,
          null,
          1,
          5,
          5,
          5,
          4,
          null,
          3,
          3,
          null,
          null,
          null,
          null,
          1,
          3,
          null,
          3,
          5,
          4,
          null,
          null,
          null,
          1,
          null,
          1,
          10,
          null,
          null,
          1,
          10,
          null,
          null
        ],
        "branches": {
          "[:if, 0, 20, 6, 26, 9]": {
            "[:then, 1, 21, 8, 22, 73]": 3,
            "[:else, 2, 24, 8, 25, 83]": 2
          },
          "[:if, 3, 32, 6, 38, 9]": {
            "[:then, 4, 33, 8, 34, 68]": 3,
            "[:else, 5, 36, 8, 37, 83]": 2
          }
        }
      },
      "/rails/app/controllers/payments_controller.rb": {
        "lines": [
          1,
          1,
          null,
          1,
          1,
          null,
          null,
          1,
          null,
          1,
          1,
          null,
          null,
          1,
          null,
          1,
          5,
          null,
          5,
          5,
          5,
          4,
          null,
          3,
          3,
          null,
          null,
          null,
          null,
          1,
          5,
          5,
          5,
          4,
          null,
          3,
          3,
          null,
          null,
          null,
          null,
          1,
          3,
          null,
          3,
          5,
          4,
          null,
          null,
          null,
          1,
          null,
          1,
          10,
          null,
          null,
          1,
          10,
          null,
          null,
          null
        ],
        "branches": {
          "[:if, 0, 20, 6, 26, 9]": {
            "[:then, 1, 21, 8, 22, 75]": 3,
            "[:else, 2, 24, 8, 25, 85]": 2
          },
          "[:if, 3, 32, 6, 38, 9]": {
            "[:then, 4, 33, 8, 34, 70]": 3,
            "[:else, 5, 36, 8, 37, 85]": 2
          }
        }
      },
      "/rails/lib/identity_service_client.rb": {
        "lines": [
          1,
          1,
          null,
          1,
          1,
          1,
          9,
          null,
          7,
          7,
          null,
          6,
          null,
          null,
          null,
          null,
          null,
          null,
          null,
          4,
          null,
          2,
          null,
          null,
          null,
          2,
          null,
          null,
          2,
          2,
          null,
          null,
          1,
          6,
          6,
          null,
          5,
          null,
          null,
          null,
          null,
          null,
          null,
          3,
          null,
          2,
          2,
          null,
          null,
          1,
          null,
          1,
          13,
          null,
          null,
          1,
          5,
          null,
          null,
          null
        ],
        "branches": {
          "[:if, 0, 7, 6, 7, 70]": {
            "[:then, 1, 7, 6, 7, 54]": 2,
            "[:else, 2, 7, 6, 7, 70]": 7
          },
          "[:if, 3, 10, 6, 10, 102]": {
            "[:then, 4, 10, 6, 10, 71]": 1,
            "[:else, 5, 10, 6, 10, 102]": 6
          },
          "[:if, 6, 20, 6, 27, 9]": {
            "[:then, 7, 21, 8, 24, 9]": 2,
            "[:else, 8, 26, 8, 26, 78]": 2
          },
          "[:if, 9, 35, 6, 35, 47]": {
            "[:then, 10, 35, 6, 35, 16]": 1,
            "[:else, 11, 35, 6, 35, 47]": 5
          },
          "[:if, 12, 44, 6, 44, 56]": {
            "[:then, 13, 44, 27, 44, 50]": 2,
            "[:else, 14, 44, 6, 44, 56]": 1
          }
        }
      },
      "/rails/app/models/athlete_match.rb": {
        "lines": [
          1,
          1,
          1,
          null,
          1,
          null
        ],
        "branches": {}
      },
      "/rails/app/models/application_record.rb": {
        "lines": [
          1,
          1,
          null
        ],
        "branches": {}
      },
      "/rails/app/models/athlete.rb": {
        "lines": [
          1,
          1,
          1,
          1,
          null,
          1,
          1,
          1,
          null
        ],
        "branches": {}
      },
      "/rails/app/models/equilibrium_point.rb": {
        "lines": [
          null,
          1,
          1,
          null,
          15,
          15,
          null,
          15,
          15,
          null,
          15,
          null,
          12,
          null,
          12,
          null,
          null,
          1,
          null,
          26,
          26,
          null,
          26,
          26,
          null,
          26,
          22,
          null,
          null,
          null,
          4,
          null,
          null,
          4,
          null,
          null,
          null,
          null,
          null,
          null,
          null,
          null,
          null,
          null,
          1,
          20,
          null,
          17,
          null,
          null,
          null,
          null,
          1,
          21,
          null,
          74,
          null,
          null,
          1,
          26,
          null,
          4,
          null,
          null,
          null,
          null,
          null,
          10,
          null,
          4,
          4,
          null,
          4,
          6,
          6,
          null,
          6,
          6,
          null,
          null,
          null,
          null,
          null,
          4,
          null,
          null,
          1,
          26,
          null,
          4,
          4,
          14,
          null,
          4,
          4,
          null,
          4,
          null,
          null,
          1,
          4,
          4,
          6,
          6,
          null,
          16,
          6,
          null,
          6,
          6,
          null,
          null,
          null,
          null,
          4,
          null,
          null,
          1,
          4,
          4,
          6,
          6,
          null,
          6,
          null,
          10,
          null,
          null,
          null,
          null,
          null,
          null,
          null,
          null,
          4,
          null,
          null,
          null,
          1,
          18,
          18,
          null,
          18,
          36,
          36,
          null,
          36,
          null,
          null,
          36,
          null,
          null,
          null,
          null,
          null,
          18,
          null,
          null,
          null,
          1,
          18,
          18,
          null,
          18,
          54,
          54,
          null,
          144,
          54,
          null,
          54,
          null,
          54,
          null,
          null,
          null,
          null,
          null,
          null,
          18,
          null,
          null
        ],
        "branches": {
          "[:if, 0, 5, 4, 5, 72]": {
            "[:then, 1, 5, 4, 5, 51]": 1,
            "[:else, 2, 5, 4, 5, 72]": 14
          },
          "[:if, 3, 6, 4, 6, 81]": {
            "[:then, 4, 6, 4, 6, 58]": 5,
            "[:else, 5, 6, 4, 6, 81]": 10
          },
          "[:if, 6, 11, 4, 11, 57]": {
            "[:then, 7, 11, 4, 11, 12]": 3,
            "[:else, 8, 11, 4, 11, 57]": 12
          },
          "[:if, 9, 20, 4, 20, 72]": {
            "[:then, 10, 20, 4, 20, 51]": 0,
            "[:else, 11, 20, 4, 20, 72]": 26
          },
          "[:if, 12, 21, 4, 21, 81]": {
            "[:then, 13, 21, 4, 21, 58]": 0,
            "[:else, 14, 21, 4, 21, 81]": 26
          },
          "[:if, 15, 26, 4, 29, 7]": {
            "[:then, 16, 27, 6, 28, 99]": 22,
            "[:else, 17, 26, 4, 29, 7]": 4
          },
          "[:if, 18, 46, 4, 46, 28]": {
            "[:then, 19, 46, 4, 46, 12]": 3,
            "[:else, 20, 46, 4, 46, 28]": 17
          },
          "[:if, 21, 54, 4, 54, 28]": {
            "[:then, 22, 54, 4, 54, 12]": 3,
            "[:else, 23, 54, 4, 54, 28]": 18
          },
          "[:if, 24, 60, 4, 60, 56]": {
            "[:then, 25, 60, 4, 60, 40]": 22,
            "[:else, 26, 60, 4, 60, 56]": 4
          },
          "[:if, 27, 75, 6, 75, 33]": {
            "[:then, 28, 75, 6, 75, 10]": 0,
            "[:else, 29, 75, 6, 75, 33]": 6
          },
          "[:if, 30, 88, 4, 88, 78]": {
            "[:then, 31, 88, 4, 88, 62]": 22,
            "[:else, 32, 88, 4, 88, 78]": 4
          },
          "[:if, 33, 104, 6, 104, 34]": {
            "[:then, 34, 104, 6, 104, 10]": 0,
            "[:else, 35, 104, 6, 104, 34]": 6
          },
          "[:if, 36, 110, 21, 110, 98]": {
            "[:then, 37, 110, 48, 110, 92]": 6,
            "[:else, 38, 110, 95, 110, 98]": 0
          },
          "[:if, 39, 122, 6, 122, 34]": {
            "[:then, 40, 122, 6, 122, 10]": 0,
            "[:else, 41, 122, 6, 122, 34]": 6
          },
          "[:if, 42, 145, 6, 145, 28]": {
            "[:then, 43, 145, 6, 145, 10]": 0,
            "[:else, 44, 145, 6, 145, 28]": 36
          },
          "[:if, 45, 166, 6, 166, 29]": {
            "[:then, 46, 166, 6, 166, 10]": 0,
            "[:else, 47, 166, 6, 166, 29]": 54
          },
          "[:if, 48, 173, 25, 173, 102]": {
            "[:then, 49, 173, 52, 173, 96]": 54,
            "[:else, 50, 173, 99, 173, 102]": 0
          }
        }
      },
      "/rails/app/models/expense.rb": {
        "lines": [
          1,
          1,
          1,
          1,
          1,
          1,
          1,
          null,
          1,
          111,
          null,
          null
        ],
        "branches": {}
      },
      "/rails/app/services/financial_summary.rb": {
        "lines": [
          1,
          1,
          null,
          54,
          null,
          null,
          null,
          null,
          null,
          null,
          null,
          1,
          162,
          null,
          null,
          1,
          108,
          null,
          null,
          1,
          162,
          null,
          null,
          1,
          108,
          310,
          null,
          null,
          null,
          1,
          54,
          null,
          null
        ],
        "branches": {}
      },
      "/rails/app/models/income.rb": {
        "lines": [
          1,
          1,
          1,
          null,
          1,
          1,
          null,
          1,
          9,
          null,
          null,
          1,
          3,
          null,
          null
        ],
        "branches": {
          "[:\"&.\", 0, 9, 4, 9, 30]": {
            "[:then, 1, 9, 4, 9, 30]": 8,
            "[:else, 2, 9, 4, 9, 30]": 1
          }
        }
      },
      "/rails/app/models/match.rb": {
        "lines": [
          1,
          1,
          1,
          1,
          null,
          1,
          1,
          null
        ],
        "branches": {}
      },
      "/rails/app/models/payment.rb": {
        "lines": [
          1,
          1,
          1,
          1,
          null,
          1,
          1,
          null,
          21,
          3,
          null,
          1,
          3,
          null,
          null,
          1,
          3,
          null,
          null
        ],
        "branches": {
          "[:\"&.\", 0, 13, 4, 13, 30]": {
            "[:then, 1, 13, 4, 13, 30]": 2,
            "[:else, 2, 13, 4, 13, 30]": 1
          }
        }
      },
      "/rails/app/models/transaction_category.rb": {
        "lines": [
          1,
          1,
          1,
          null,
          1,
          null
        ],
        "branches": {}
      },
      "/rails/lib/circuit_breaker_service.rb": {
        "lines": [
          1,
          1,
          1,
          null,
          1,
          1,
          1,
          null,
          0,
          null,
          0,
          null,
          0,
          null,
          null,
          null,
          null,
          null,
          null,
          null,
          null,
          0,
          0,
          null,
          null,
          null,
          null,
          null,
          null,
          0,
          null,
          0,
          null,
          null,
          null,
          1,
          0,
          0,
          null,
          null,
          0,
          0,
          null,
          0,
          0,
          null,
          0,
          0,
          null,
          null,
          null,
          null
        ],
        "branches": {
          "[:unless, 0, 11, 6, 11, 27]": {
            "[:else, 1, 11, 6, 11, 27]": 0,
            "[:then, 2, 11, 6, 11, 16]": 0
          },
          "[:unless, 3, 38, 6, 38, 75]": {
            "[:else, 4, 38, 6, 38, 75]": 0,
            "[:then, 5, 38, 6, 38, 61]": 0
          }
        }
      },
      "/rails/app/jobs/application_job.rb": {
        "lines": [
          0,
          null,
          null,
          null,
          null,
          null,
          0
        ],
        "branches": {}
      },
      "/rails/app/mailers/application_mailer.rb": {
        "lines": [
          0,
          0,
          0,
          0
        ],
        "branches": {}
      },
      "/rails/lib/consul_service.rb": {
        "lines": [
          0,
          null,
          0,
          0,
          0,
          0,
          null,
          0,
          0,
          0,
          null,
          0,
          0,
          0,
          null,
          0,
          0,
          0,
          0,
          0,
          0,
          0,
          0,
          0,
          0,
          0,
          0,
          0,
          null,
          0,
          0,
          0,
          0,
          0,
          null,
          0,
          0,
          null,
          0,
          0,
          0,
          0,
          0,
          null,
          0,
          0,
          null,
          0,
          0,
          null,
          null,
          0,
          0,
          0,
          0,
          0,
          0,
          null,
          0,
          null,
          0,
          0,
          0,
          null,
          0,
          0,
          0,
          0,
          0
        ],
        "branches": {}
      }
    },
    "timestamp": 1764364676
  }
}
